<?xml version="1.0" encoding="UTF-8"?>
<!-- Generated by org.testng.reporters.JUnitXMLReporter -->
<testsuite ignored="0" hostname="Asha" failures="0" tests="3" name="Default test" time="57.406" errors="0" timestamp="2023-09-28T10:37:02 BST">
  <testcase classname="com.kodesprint.test.LoginTest" name="testInValidLoginByEmptyPassword" time="4.107"/>
  <testcase classname="com.kodesprint.test.LoginTest" name="testInValidLoginByEmptyPassword" time="3.746"/>
  <testcase classname="com.kodesprint.test.LoginTest" name="validLogin" time="33.906"/>
</testsuite> <!-- Default test -->
