<?xml version="1.0" encoding="UTF-8"?>
<!-- Generated by org.testng.reporters.JUnitXMLReporter -->
<testsuite ignored="6" hostname="Asha" failures="0" tests="1" name="Login" time="7.866" errors="0" timestamp="2023-09-22T10:43:27 BST">
  <testcase classname="com.kodesprint.test.LoginTest" name="validLogin" time="4.05"/>
  <testcase classname="com.kodesprint.test.LoginTest" name="testInValidLoginByEmptyPassword" time="0.0">
    <ignored/>
  </testcase> <!-- testInValidLoginByEmptyPassword -->
  <testcase classname="com.kodesprint.test.LoginTest1" name="validLogin" time="0.0">
    <ignored/>
  </testcase> <!-- validLogin -->
  <testcase classname="com.kodesprint.test.BaseTest" name="@BeforeTest beforeTestMethod" time="0.0">
    <ignored/>
  </testcase> <!-- @BeforeTest beforeTestMethod -->
  <testcase classname="com.kodesprint.test.BaseTest" name="@AfterTest afterTestMethod" time="0.0">
    <ignored/>
  </testcase> <!-- @AfterTest afterTestMethod -->
  <testcase classname="com.kodesprint.test.BaseTest" name="@AfterSuite afterSuite" time="0.0">
    <ignored/>
  </testcase> <!-- @AfterSuite afterSuite -->
  <testcase classname="com.kodesprint.test.BaseTest" name="@BeforeSuite beforeSuite" time="0.0">
    <ignored/>
  </testcase> <!-- @BeforeSuite beforeSuite -->
</testsuite> <!-- Login -->
