<?xml version="1.0" encoding="UTF-8"?>
<!-- Generated by org.testng.reporters.JUnitXMLReporter -->
<testsuite ignored="1" hostname="Asha" failures="0" tests="1" name="Login" time="5.546" errors="0" timestamp="2023-09-28T17:30:25 BST">
  <testcase classname="com.kodesprint.test.LoginTest" name="validLogin" time="3.227"/>
  <testcase classname="com.kodesprint.test.LoginTest" name="testInValidLoginByEmptyPassword" time="0.0">
    <ignored/>
  </testcase> <!-- testInValidLoginByEmptyPassword -->
</testsuite> <!-- Login -->
